<?xml version="1.0" encoding="UTF-8"?>
<testsuite xmlns:xsi="http://www.w3.org/2001/XMLSchema-instance" xsi:noNamespaceSchemaLocation="https://maven.apache.org/surefire/maven-surefire-plugin/xsd/surefire-test-report.xsd" version="3.0.1" name="com.jmhreif.AppTest" time="0.056" tests="1" errors="0" skipped="0" failures="0">
  <properties>
    <property name="java.specification.version" value="17"/>
    <property name="sun.jnu.encoding" value="UTF-8"/>
    <property name="java.class.path" value="/Users/jenniferreif/Projects/neo4j-java-object-mapping/target/test-classes:/Users/jenniferreif/Projects/neo4j-java-object-mapping/target/classes:/Users/jenniferreif/.m2/repository/org/neo4j/driver/neo4j-java-driver/5.28.4/neo4j-java-driver-5.28.4.jar:/Users/jenniferreif/.m2/repository/org/neo4j/bolt/neo4j-bolt-connection/1.1.0/neo4j-bolt-connection-1.1.0.jar:/Users/jenniferreif/.m2/repository/org/neo4j/bolt/neo4j-bolt-connection-netty/1.1.0/neo4j-bolt-connection-netty-1.1.0.jar:/Users/jenniferreif/.m2/repository/io/netty/netty-handler/4.1.119.Final/netty-handler-4.1.119.Final.jar:/Users/jenniferreif/.m2/repository/io/netty/netty-common/4.1.119.Final/netty-common-4.1.119.Final.jar:/Users/jenniferreif/.m2/repository/io/netty/netty-resolver/4.1.119.Final/netty-resolver-4.1.119.Final.jar:/Users/jenniferreif/.m2/repository/io/netty/netty-buffer/4.1.119.Final/netty-buffer-4.1.119.Final.jar:/Users/jenniferreif/.m2/repository/io/netty/netty-transport/4.1.119.Final/netty-transport-4.1.119.Final.jar:/Users/jenniferreif/.m2/repository/io/netty/netty-transport-native-unix-common/4.1.119.Final/netty-transport-native-unix-common-4.1.119.Final.jar:/Users/jenniferreif/.m2/repository/io/netty/netty-codec/4.1.119.Final/netty-codec-4.1.119.Final.jar:/Users/jenniferreif/.m2/repository/io/netty/netty-tcnative-classes/2.0.70.Final/netty-tcnative-classes-2.0.70.Final.jar:/Users/jenniferreif/.m2/repository/org/neo4j/bolt/neo4j-bolt-connection-pooled/1.1.0/neo4j-bolt-connection-pooled-1.1.0.jar:/Users/jenniferreif/.m2/repository/org/neo4j/bolt/neo4j-bolt-connection-routed/1.1.0/neo4j-bolt-connection-routed-1.1.0.jar:/Users/jenniferreif/.m2/repository/org/reactivestreams/reactive-streams/1.0.4/reactive-streams-1.0.4.jar:/Users/jenniferreif/.m2/repository/io/projectreactor/reactor-core/3.6.15/reactor-core-3.6.15.jar:/Users/jenniferreif/.m2/repository/org/junit/jupiter/junit-jupiter-api/5.11.0/junit-jupiter-api-5.11.0.jar:/Users/jenniferreif/.m2/repository/org/opentest4j/opentest4j/1.3.0/opentest4j-1.3.0.jar:/Users/jenniferreif/.m2/repository/org/junit/platform/junit-platform-commons/1.11.0/junit-platform-commons-1.11.0.jar:/Users/jenniferreif/.m2/repository/org/apiguardian/apiguardian-api/1.1.2/apiguardian-api-1.1.2.jar:/Users/jenniferreif/.m2/repository/org/junit/jupiter/junit-jupiter-params/5.11.0/junit-jupiter-params-5.11.0.jar:"/>
    <property name="java.vm.vendor" value="Oracle Corporation"/>
    <property name="sun.arch.data.model" value="64"/>
    <property name="java.vendor.url" value="https://java.oracle.com/"/>
    <property name="os.name" value="Mac OS X"/>
    <property name="java.vm.specification.version" value="17"/>
    <property name="sun.java.launcher" value="SUN_STANDARD"/>
    <property name="user.country" value="US"/>
    <property name="sun.boot.library.path" value="/Users/jenniferreif/.sdkman/candidates/java/17-open/lib"/>
    <property name="sun.java.command" value="/Users/jenniferreif/Projects/neo4j-java-object-mapping/target/surefire/surefirebooter-20250501152839189_3.jar /Users/jenniferreif/Projects/neo4j-java-object-mapping/target/surefire 2025-05-01T15-28-39_058-jvmRun1 surefire-20250501152839189_1tmp surefire_0-20250501152839189_2tmp"/>
    <property name="http.nonProxyHosts" value="local|*.local|169.254/16|*.169.254/16"/>
    <property name="jdk.debug" value="release"/>
    <property name="surefire.test.class.path" value="/Users/jenniferreif/Projects/neo4j-java-object-mapping/target/test-classes:/Users/jenniferreif/Projects/neo4j-java-object-mapping/target/classes:/Users/jenniferreif/.m2/repository/org/neo4j/driver/neo4j-java-driver/5.28.4/neo4j-java-driver-5.28.4.jar:/Users/jenniferreif/.m2/repository/org/neo4j/bolt/neo4j-bolt-connection/1.1.0/neo4j-bolt-connection-1.1.0.jar:/Users/jenniferreif/.m2/repository/org/neo4j/bolt/neo4j-bolt-connection-netty/1.1.0/neo4j-bolt-connection-netty-1.1.0.jar:/Users/jenniferreif/.m2/repository/io/netty/netty-handler/4.1.119.Final/netty-handler-4.1.119.Final.jar:/Users/jenniferreif/.m2/repository/io/netty/netty-common/4.1.119.Final/netty-common-4.1.119.Final.jar:/Users/jenniferreif/.m2/repository/io/netty/netty-resolver/4.1.119.Final/netty-resolver-4.1.119.Final.jar:/Users/jenniferreif/.m2/repository/io/netty/netty-buffer/4.1.119.Final/netty-buffer-4.1.119.Final.jar:/Users/jenniferreif/.m2/repository/io/netty/netty-transport/4.1.119.Final/netty-transport-4.1.119.Final.jar:/Users/jenniferreif/.m2/repository/io/netty/netty-transport-native-unix-common/4.1.119.Final/netty-transport-native-unix-common-4.1.119.Final.jar:/Users/jenniferreif/.m2/repository/io/netty/netty-codec/4.1.119.Final/netty-codec-4.1.119.Final.jar:/Users/jenniferreif/.m2/repository/io/netty/netty-tcnative-classes/2.0.70.Final/netty-tcnative-classes-2.0.70.Final.jar:/Users/jenniferreif/.m2/repository/org/neo4j/bolt/neo4j-bolt-connection-pooled/1.1.0/neo4j-bolt-connection-pooled-1.1.0.jar:/Users/jenniferreif/.m2/repository/org/neo4j/bolt/neo4j-bolt-connection-routed/1.1.0/neo4j-bolt-connection-routed-1.1.0.jar:/Users/jenniferreif/.m2/repository/org/reactivestreams/reactive-streams/1.0.4/reactive-streams-1.0.4.jar:/Users/jenniferreif/.m2/repository/io/projectreactor/reactor-core/3.6.15/reactor-core-3.6.15.jar:/Users/jenniferreif/.m2/repository/org/junit/jupiter/junit-jupiter-api/5.11.0/junit-jupiter-api-5.11.0.jar:/Users/jenniferreif/.m2/repository/org/opentest4j/opentest4j/1.3.0/opentest4j-1.3.0.jar:/Users/jenniferreif/.m2/repository/org/junit/platform/junit-platform-commons/1.11.0/junit-platform-commons-1.11.0.jar:/Users/jenniferreif/.m2/repository/org/apiguardian/apiguardian-api/1.1.2/apiguardian-api-1.1.2.jar:/Users/jenniferreif/.m2/repository/org/junit/jupiter/junit-jupiter-params/5.11.0/junit-jupiter-params-5.11.0.jar:"/>
    <property name="sun.cpu.endian" value="little"/>
    <property name="user.home" value="/Users/jenniferreif"/>
    <property name="user.language" value="en"/>
    <property name="java.specification.vendor" value="Oracle Corporation"/>
    <property name="java.version.date" value="2021-09-14"/>
    <property name="java.home" value="/Users/jenniferreif/.sdkman/candidates/java/17-open"/>
    <property name="file.separator" value="/"/>
    <property name="basedir" value="/Users/jenniferreif/Projects/neo4j-java-object-mapping"/>
    <property name="java.vm.compressedOopsMode" value="Zero based"/>
    <property name="line.separator" value="&#10;"/>
    <property name="java.specification.name" value="Java Platform API Specification"/>
    <property name="java.vm.specification.vendor" value="Oracle Corporation"/>
    <property name="surefire.real.class.path" value="/Users/jenniferreif/Projects/neo4j-java-object-mapping/target/surefire/surefirebooter-20250501152839189_3.jar"/>
    <property name="sun.management.compiler" value="HotSpot 64-Bit Tiered Compilers"/>
    <property name="ftp.nonProxyHosts" value="local|*.local|169.254/16|*.169.254/16"/>
    <property name="java.runtime.version" value="17+35-2724"/>
    <property name="user.name" value="jenniferreif"/>
    <property name="path.separator" value=":"/>
    <property name="os.version" value="15.4.1"/>
    <property name="java.runtime.name" value="OpenJDK Runtime Environment"/>
    <property name="file.encoding" value="UTF-8"/>
    <property name="java.vm.name" value="OpenJDK 64-Bit Server VM"/>
    <property name="localRepository" value="/Users/jenniferreif/.m2/repository"/>
    <property name="java.vendor.url.bug" value="https://bugreport.java.com/bugreport/"/>
    <property name="java.io.tmpdir" value="/var/folders/pm/r_j54fzx769b0xj3sggzy_r00000gp/T/"/>
    <property name="java.version" value="17"/>
    <property name="user.dir" value="/Users/jenniferreif/Projects/neo4j-java-object-mapping"/>
    <property name="os.arch" value="x86_64"/>
    <property name="java.vm.specification.name" value="Java Virtual Machine Specification"/>
    <property name="native.encoding" value="UTF-8"/>
    <property name="java.library.path" value="/Users/jenniferreif/Library/Java/Extensions:/Library/Java/Extensions:/Network/Library/Java/Extensions:/System/Library/Java/Extensions:/usr/lib/java:."/>
    <property name="java.vm.info" value="mixed mode, sharing"/>
    <property name="java.vendor" value="Oracle Corporation"/>
    <property name="java.vm.version" value="17+35-2724"/>
    <property name="sun.io.unicode.encoding" value="UnicodeBig"/>
    <property name="socksNonProxyHosts" value="local|*.local|169.254/16|*.169.254/16"/>
    <property name="java.class.version" value="61.0"/>
  </properties>
  <testcase name="shouldAnswerWithTrue" classname="com.jmhreif.AppTest" time="0.032"/>
</testsuite>